Arguments: 
  /usr/local/bin/node /usr/local/bin/yarn install

PATH: 
  /home/viniciussousav/.local/bin:/opt/gradle/latest/bin:/usr/local/sbin:/usr/local/bin:/usr/sbin:/usr/bin:/sbin:/bin:/usr/games:/usr/local/games:/snap/bin:/home/viniciussousav/.dotnet/tools:/home/viniciussousav/.local/share/JetBrains/Toolbox/scripts

Yarn version: 
  1.22.19

Node version: 
  14.16.0

Platform: 
  linux x64

Trace: 
  Error: ENOSPC: no space left on device, copyfile '/home/viniciussousav/.cache/yarn/v6/npm-typescript-4.8.4-c464abca159669597be5f96b8943500b238e60e6-integrity/node_modules/typescript/lib/typescript.js' -> '/home/viniciussousav/Documents/tasi-hackathon-enem-stream/event-processor/node_modules/typescript/lib/typescript.js'

npm manifest: 
  {
    "name": "event-processor",
    "version": "1.0.0",
    "main": "index.js",
    "license": "MIT",
  
    "dependencies": {
      "kafkajs": "^2.2.2"
    },
    "devDependencies": {
      "@types/node": "^18.11.3",
      "ts-node-dev": "^2.0.0",
      "typescript": "^4.8.4"
    }
  }

yarn manifest: 
  No manifest

Lockfile: 
  No lockfile
